<?xml version="1.0" encoding="UTF-8"?>
<coverage generated="1671288645742" clover="3.2.0">
  <project timestamp="1671288645742" name="All files">
    <metrics statements="21" coveredstatements="2" conditionals="0" coveredconditionals="0" methods="5" coveredmethods="0" elements="26" coveredelements="2" complexity="0" loc="21" ncloc="21" packages="1" files="1" classes="1"/>
    <file name="LoginForm.tsx" path="C:\Users\Kjartan Már\Documents\programming\TypeScript\template\src\LoginForm\LoginForm.tsx">
      <metrics statements="21" coveredstatements="2" conditionals="0" coveredconditionals="0" methods="5" coveredmethods="0"/>
      <line num="1" count="1" type="stmt"/>
      <line num="16" count="0" type="stmt"/>
      <line num="18" count="0" type="stmt"/>
      <line num="20" count="0" type="stmt"/>
      <line num="22" count="0" type="stmt"/>
      <line num="23" count="0" type="stmt"/>
      <line num="25" count="0" type="stmt"/>
      <line num="27" count="0" type="stmt"/>
      <line num="30" count="0" type="stmt"/>
      <line num="31" count="0" type="stmt"/>
      <line num="33" count="0" type="stmt"/>
      <line num="35" count="0" type="stmt"/>
      <line num="38" count="0" type="stmt"/>
      <line num="39" count="0" type="stmt"/>
      <line num="41" count="0" type="stmt"/>
      <line num="43" count="0" type="stmt"/>
      <line num="46" count="0" type="stmt"/>
      <line num="47" count="0" type="stmt"/>
      <line num="49" count="0" type="stmt"/>
      <line num="52" count="0" type="stmt"/>
      <line num="92" count="1" type="stmt"/>
    </file>
  </project>
</coverage>
