{"C:\\Users\\Kjartan Már\\Documents\\programming\\TypeScript\\template\\src\\LoginForm\\LoginForm.tsx": {"path":"C:\\Users\\Kjartan Már\\Documents\\programming\\TypeScript\\template\\src\\LoginForm\\LoginForm.tsx","statementMap":{"0":{"start":{"line":1,"column":0},"end":{"line":1,"column":26}},"1":{"start":{"line":16,"column":34},"end":{"line":16,"column":52}},"2":{"start":{"line":18,"column":34},"end":{"line":18,"column":52}},"3":{"start":{"line":20,"column":34},"end":{"line":20,"column":70}},"4":{"start":{"line":22,"column":31},"end":{"line":28,"column":3}},"5":{"start":{"line":23,"column":22},"end":{"line":23,"column":30}},"6":{"start":{"line":25,"column":4},"end":{"line":25,"column":23}},"7":{"start":{"line":27,"column":4},"end":{"line":27,"column":34}},"8":{"start":{"line":30,"column":31},"end":{"line":36,"column":3}},"9":{"start":{"line":31,"column":22},"end":{"line":31,"column":30}},"10":{"start":{"line":33,"column":4},"end":{"line":33,"column":23}},"11":{"start":{"line":35,"column":4},"end":{"line":35,"column":34}},"12":{"start":{"line":38,"column":31},"end":{"line":44,"column":3}},"13":{"start":{"line":39,"column":24},"end":{"line":39,"column":32}},"14":{"start":{"line":41,"column":4},"end":{"line":41,"column":25}},"15":{"start":{"line":43,"column":4},"end":{"line":43,"column":36}},"16":{"start":{"line":46,"column":23},"end":{"line":50,"column":3}},"17":{"start":{"line":47,"column":4},"end":{"line":47,"column":23}},"18":{"start":{"line":49,"column":4},"end":{"line":49,"column":39}},"19":{"start":{"line":52,"column":2},"end":{"line":89,"column":4}},"20":{"start":{"line":92,"column":0},"end":{"line":92,"column":25}}},"fnMap":{"0":{"name":"LoginForm","decl":{"start":{"line":15,"column":9},"end":{"line":15,"column":18}},"loc":{"start":{"line":15,"column":31},"end":{"line":90,"column":1}}},"1":{"name":"(anonymous_2)","decl":{"start":{"line":22,"column":31},"end":{"line":22,"column":32}},"loc":{"start":{"line":22,"column":74},"end":{"line":28,"column":3}}},"2":{"name":"(anonymous_3)","decl":{"start":{"line":30,"column":31},"end":{"line":30,"column":32}},"loc":{"start":{"line":30,"column":74},"end":{"line":36,"column":3}}},"3":{"name":"(anonymous_4)","decl":{"start":{"line":38,"column":31},"end":{"line":38,"column":32}},"loc":{"start":{"line":38,"column":74},"end":{"line":44,"column":3}}},"4":{"name":"(anonymous_5)","decl":{"start":{"line":46,"column":23},"end":{"line":46,"column":24}},"loc":{"start":{"line":46,"column":46},"end":{"line":50,"column":3}}}},"branchMap":{},"s":{"0":1,"1":0,"2":0,"3":0,"4":0,"5":0,"6":0,"7":0,"8":0,"9":0,"10":0,"11":0,"12":0,"13":0,"14":0,"15":0,"16":0,"17":0,"18":0,"19":0,"20":1},"f":{"0":0,"1":0,"2":0,"3":0,"4":0},"b":{}}
}
